[MISSING] gMscPheromoneDecay value is missing. Assume default value (0.001).
[MISSING] gMscPheromoneEvaporationTreshold value is missing. Assume default value (0.08).
[MISSING] gMscMutationRate value is missing. Assume default value (0.7).
[MISSING] gMscCrossoverRate value is missing. Assume default value (0.5).
[MISSING] gMscTournamentSize value is missing. Assume default value (3).
[MISSING] gMscNbParents value is missing. Assume default value (10).
[MISSING] gMscNbEachProcessingNode value is missing. Assume default value (8)
[MISSING] gMscNbEachJudgementNode value is missing. Assume default value (4)
[MISSING] gMscNbNeatNodes value is missing. Assume default value (3)
[MISSING] gMscMutationModifier value is missing. Assume default value (0.5).
[MISSING] gMscYoungAgeThreshold value is missing. Assume default value (5)
[MISSING] gMscYoungAgeFitnessBoost value is missing. Assume default value (1.1).
[MISSING] gMscOldAgeThreshold value is missing. Assume default value (30)
[MISSING] gMscOldAgePenalty value is missing. Assume default value (0.5).
[MISSING] gMscPhasedSearching should be boolean ("true" or "false"). Assume default value (false)
[MISSING] gMscDeltaCoding should be boolean ("true" or "false"). Assume default value (false)
[MISSING] gMscSampledAverageTimeWindow value is missing. Assume default value (50).
[MISSING] gEnergyRefill should be boolean ("true" or "false"). Assume default value (false)
[MISSING] gEnergyMax value is missing. Assume default value (100).
[MISSING] gEnergyInit value is missing. Assume default value (100).
[INFO] gScreenDisplayHeight not defined, using gScreenDisplayHeight value.
[INFO] gScreenDisplayWidth not defined, using gScreenDisplayWidth value.
[WARNING] gLocationFinderExitOnFail is set to False. This may _significantly_ slow down your simulation.
[WARNING] gOutputImageFormat is missing or unknown (default is PNG).
[WARNING] gPhysicalObjectDefaultRelocate is missing (default is "0").
[WARNING] gCustomSnapshot_niceRendering is missing or corrupt (default value is "1").
[WARNING] gCustomSnapshot_showLandmarks is missing or corrupt (default value is "1").
[WARNING] gCustomSnapshot_showObjects is missing or corrupt (default value is "1").
[WARNING] gCustomSnapshot_showRobots is missing or corrupt (default value is "1").
[WARNING] gCustomSnapshot_showSensorRays is missing or corrupt (default value is "0").
